<?xml version="1.0" encoding="UTF-8"?>
<!-- Generated by org.testng.reporters.JUnitReportReporter -->
<testsuite hostname="DESKTOP-665R3V5" failures="0" tests="1" name="Todo_Android" time="18.185" errors="0" timestamp="2023-12-15T10:42:20 ICT" skipped="0">
  <testcase classname="Todo_Android" name="test_add_task" time="18.185"/>
</testsuite> <!-- Todo_Android -->
